# JRE version: Java(TM) SE Runtime Environment (21.0.5+9) (build 21.0.5+9-LTS-239)
# Java VM: Java HotSpot(TM) 64-Bit Server VM (21.0.5+9-LTS-239, mixed mode, sharing, tiered, compressed oops, compressed class ptrs, g1 gc, windows-amd64)
GC Precious Log:
 CardTable entry size: 512
 Card Set container configuration: InlinePtr #cards 4 size 8 Array Of Cards #cards 16 size 48 Howl #buckets 8 coarsen threshold 3686 Howl Bitmap #cards 512 size 80 coarsen threshold 460 Card regions per heap region 1 cards per card region 4096
 CPUs: 12 total, 12 available
 Memory: 14020M
 Large Page Support: Disabled
 NUMA Support: Disabled
 Compressed Oops: Enabled (Zero based)
 Heap Region Size: 2M
 Heap Min Capacity: 8M
 Heap Initial Capacity: 220M
 Heap Max Capacity: 3506M
 Pre-touch: Disabled
 Parallel Workers: 10
 Concurrent Workers: 3
 Concurrent Refinement Workers: 10
 Periodic GC: Disabled
Heap:
 garbage-first heap   total 90112K, used 70460K [0x0000000724e00000, 0x0000000800000000)
  region size 2048K, 19 young (38912K), 3 survivors (6144K)
 Metaspace       used 82896K, committed 83712K, reserved 1179648K
  class space    used 11156K, committed 11520K, reserved 1048576K
GC Heap History (20 events):
Event: 2.757 GC heap before
{Heap before GC invocations=6 (full 0):
 garbage-first heap   total 61440K, used 45355K [0x0000000724e00000, 0x0000000800000000)
  region size 2048K, 15 young (30720K), 2 survivors (4096K)
 Metaspace       used 33512K, committed 33984K, reserved 1114112K
  class space    used 4217K, committed 4416K, reserved 1048576K
}
Event: 2.760 GC heap after
{Heap after GC invocations=7 (full 0):
 garbage-first heap   total 73728K, used 21172K [0x0000000724e00000, 0x0000000800000000)
  region size 2048K, 2 young (4096K), 2 survivors (4096K)
 Metaspace       used 33512K, committed 33984K, reserved 1114112K
  class space    used 4217K, committed 4416K, reserved 1048576K
}
Event: 2.947 GC heap before
{Heap before GC invocations=7 (full 0):
 garbage-first heap   total 73728K, used 29364K [0x0000000724e00000, 0x0000000800000000)
  region size 2048K, 7 young (14336K), 2 survivors (4096K)
 Metaspace       used 35454K, committed 35968K, reserved 1114112K
  class space    used 4466K, committed 4672K, reserved 1048576K
}
Event: 2.950 GC heap after
{Heap after GC invocations=8 (full 0):
 garbage-first heap   total 73728K, used 22064K [0x0000000724e00000, 0x0000000800000000)
  region size 2048K, 2 young (4096K), 2 survivors (4096K)
 Metaspace       used 35454K, committed 35968K, reserved 1114112K
  class space    used 4466K, committed 4672K, reserved 1048576K
}
Event: 3.689 GC heap before
{Heap before GC invocations=9 (full 0):
 garbage-first heap   total 73728K, used 56880K [0x0000000724e00000, 0x0000000800000000)
  region size 2048K, 20 young (40960K), 2 survivors (4096K)
 Metaspace       used 46426K, committed 47040K, reserved 1114112K
  class space    used 6031K, committed 6336K, reserved 1048576K
}
Event: 3.692 GC heap after
{Heap after GC invocations=10 (full 0):
 garbage-first heap   total 73728K, used 24482K [0x0000000724e00000, 0x0000000800000000)
  region size 2048K, 3 young (6144K), 3 survivors (6144K)
 Metaspace       used 46426K, committed 47040K, reserved 1114112K
  class space    used 6031K, committed 6336K, reserved 1048576K
}
Event: 4.221 GC heap before
{Heap before GC invocations=10 (full 0):
 garbage-first heap   total 73728K, used 59298K [0x0000000724e00000, 0x0000000800000000)
  region size 2048K, 20 young (40960K), 3 survivors (6144K)
 Metaspace       used 53831K, committed 54400K, reserved 1114112K
  class space    used 7019K, committed 7296K, reserved 1048576K
}
Event: 4.224 GC heap after
{Heap after GC invocations=11 (full 0):
 garbage-first heap   total 73728K, used 26395K [0x0000000724e00000, 0x0000000800000000)
  region size 2048K, 3 young (6144K), 3 survivors (6144K)
 Metaspace       used 53831K, committed 54400K, reserved 1114112K
  class space    used 7019K, committed 7296K, reserved 1048576K
}
Event: 4.613 GC heap before
{Heap before GC invocations=11 (full 0):
 garbage-first heap   total 73728K, used 57115K [0x0000000724e00000, 0x0000000800000000)
  region size 2048K, 19 young (38912K), 3 survivors (6144K)
 Metaspace       used 57358K, committed 57920K, reserved 1114112K
  class space    used 7586K, committed 7872K, reserved 1048576K
}
Event: 4.617 GC heap after
{Heap after GC invocations=12 (full 0):
 garbage-first heap   total 73728K, used 27520K [0x0000000724e00000, 0x0000000800000000)
  region size 2048K, 2 young (4096K), 2 survivors (4096K)
 Metaspace       used 57358K, committed 57920K, reserved 1114112K
  class space    used 7586K, committed 7872K, reserved 1048576K
}
Event: 4.811 GC heap before
{Heap before GC invocations=12 (full 0):
 garbage-first heap   total 73728K, used 45952K [0x0000000724e00000, 0x0000000800000000)
  region size 2048K, 12 young (24576K), 2 survivors (4096K)
 Metaspace       used 59691K, committed 60288K, reserved 1114112K
  class space    used 7914K, committed 8192K, reserved 1048576K
}
Event: 4.814 GC heap after
{Heap after GC invocations=13 (full 0):
 garbage-first heap   total 73728K, used 28388K [0x0000000724e00000, 0x0000000800000000)
  region size 2048K, 1 young (2048K), 1 survivors (2048K)
 Metaspace       used 59691K, committed 60288K, reserved 1114112K
  class space    used 7914K, committed 8192K, reserved 1048576K
}
Event: 5.756 GC heap before
{Heap before GC invocations=14 (full 0):
 garbage-first heap   total 73728K, used 65252K [0x0000000724e00000, 0x0000000800000000)
  region size 2048K, 19 young (38912K), 1 survivors (2048K)
 Metaspace       used 64776K, committed 65472K, reserved 1114112K
  class space    used 8610K, committed 8896K, reserved 1048576K
}
Event: 5.760 GC heap after
{Heap after GC invocations=15 (full 0):
 garbage-first heap   total 73728K, used 32939K [0x0000000724e00000, 0x0000000800000000)
  region size 2048K, 3 young (6144K), 3 survivors (6144K)
 Metaspace       used 64776K, committed 65472K, reserved 1114112K
  class space    used 8610K, committed 8896K, reserved 1048576K
}
Event: 6.172 GC heap before
{Heap before GC invocations=15 (full 0):
 garbage-first heap   total 73728K, used 57515K [0x0000000724e00000, 0x0000000800000000)
  region size 2048K, 16 young (32768K), 3 survivors (6144K)
 Metaspace       used 69473K, committed 70144K, reserved 1114112K
  class space    used 9475K, committed 9792K, reserved 1048576K
}
Event: 6.180 GC heap after
{Heap after GC invocations=16 (full 0):
 garbage-first heap   total 73728K, used 35100K [0x0000000724e00000, 0x0000000800000000)
  region size 2048K, 2 young (4096K), 2 survivors (4096K)
 Metaspace       used 69473K, committed 70144K, reserved 1114112K
  class space    used 9475K, committed 9792K, reserved 1048576K
}
Event: 6.430 GC heap before
{Heap before GC invocations=16 (full 0):
 garbage-first heap   total 73728K, used 61724K [0x0000000724e00000, 0x0000000800000000)
  region size 2048K, 15 young (30720K), 2 survivors (4096K)
 Metaspace       used 71570K, committed 72256K, reserved 1114112K
  class space    used 9714K, committed 9984K, reserved 1048576K
}
Event: 6.434 GC heap after
{Heap after GC invocations=17 (full 0):
 garbage-first heap   total 90112K, used 37583K [0x0000000724e00000, 0x0000000800000000)
  region size 2048K, 2 young (4096K), 2 survivors (4096K)
 Metaspace       used 71570K, committed 72256K, reserved 1114112K
  class space    used 9714K, committed 9984K, reserved 1048576K
}
Event: 7.111 GC heap before
{Heap before GC invocations=17 (full 0):
 garbage-first heap   total 90112K, used 76495K [0x0000000724e00000, 0x0000000800000000)
  region size 2048K, 21 young (43008K), 2 survivors (4096K)
 Metaspace       used 76857K, committed 77632K, reserved 1179648K
  class space    used 10447K, committed 10816K, reserved 1048576K
}
Event: 7.115 GC heap after
{Heap after GC invocations=18 (full 0):
 garbage-first heap   total 90112K, used 41788K [0x0000000724e00000, 0x0000000800000000)
  region size 2048K, 3 young (6144K), 3 survivors (6144K)
 Metaspace       used 76857K, committed 77632K, reserved 1179648K
  class space    used 10447K, committed 10816K, reserved 1048576K
}

