# JRE version: Java(TM) SE Runtime Environment (23.0.2+7) (build 23.0.2+7-58)
# Java VM: Java HotSpot(TM) 64-Bit Server VM (23.0.2+7-58, mixed mode, emulated-client, sharing, tiered, compressed oops, compressed class ptrs, g1 gc, windows-amd64)
GC Precious Log:
 CardTable entry size: 512
 Card Set container configuration: InlinePtr #cards 4 size 8 Array Of Cards #cards 16 size 48 Howl #buckets 8 coarsen threshold 3686 Howl Bitmap #cards 512 size 80 coarsen threshold 460 Card regions per heap region 1 cards per card region 4096
 CPUs: 12 total, 12 available
 Memory: 14020M
 Large Page Support: Disabled
 NUMA Support: Disabled
 Compressed Oops: Enabled (Zero based)
 Heap Region Size: 2M
 Heap Min Capacity: 8M
 Heap Initial Capacity: 220M
 Heap Max Capacity: 3506M
 Pre-touch: Disabled
 Parallel Workers: 10
 Concurrent Workers: 3
 Concurrent Refinement Workers: 10
 Periodic GC: Disabled
Heap:
 garbage-first heap   total reserved 3590144K, committed 79872K, used 47256K [0x0000000724e00000, 0x0000000800000000)
  region size 2048K, 2 young (4096K), 2 survivors (4096K)
 Metaspace       used 72554K, committed 73280K, reserved 1114112K
  class space    used 10824K, committed 11136K, reserved 1048576K
GC Heap History (20 events):
Event: 6.923 GC heap after
{Heap after GC invocations=18 (full 0):
 garbage-first heap   total reserved 3590144K, committed 61440K, used 32746K [0x0000000724e00000, 0x0000000800000000)
  region size 2048K, 1 young (2048K), 1 survivors (2048K)
 Metaspace       used 55419K, committed 56064K, reserved 1114112K
  class space    used 8183K, committed 8448K, reserved 1048576K
}
Event: 7.226 GC heap before
{Heap before GC invocations=19 (full 0):
 garbage-first heap   total reserved 3590144K, committed 61440K, used 51178K [0x0000000724e00000, 0x0000000800000000)
  region size 2048K, 11 young (22528K), 1 survivors (2048K)
 Metaspace       used 58237K, committed 58944K, reserved 1114112K
  class space    used 8665K, committed 8960K, reserved 1048576K
}
Event: 7.228 GC heap after
{Heap after GC invocations=20 (full 0):
 garbage-first heap   total reserved 3590144K, committed 61440K, used 34807K [0x0000000724e00000, 0x0000000800000000)
  region size 2048K, 2 young (4096K), 2 survivors (4096K)
 Metaspace       used 58237K, committed 58944K, reserved 1114112K
  class space    used 8665K, committed 8960K, reserved 1048576K
}
Event: 7.626 GC heap before
{Heap before GC invocations=20 (full 0):
 garbage-first heap   total reserved 3590144K, committed 61440K, used 51191K [0x0000000724e00000, 0x0000000800000000)
  region size 2048K, 10 young (20480K), 2 survivors (4096K)
 Metaspace       used 61748K, committed 62464K, reserved 1114112K
  class space    used 9099K, committed 9408K, reserved 1048576K
}
Event: 7.630 GC heap after
{Heap after GC invocations=21 (full 0):
 garbage-first heap   total reserved 3590144K, committed 61440K, used 36495K [0x0000000724e00000, 0x0000000800000000)
  region size 2048K, 2 young (4096K), 2 survivors (4096K)
 Metaspace       used 61748K, committed 62464K, reserved 1114112K
  class space    used 9099K, committed 9408K, reserved 1048576K
}
Event: 8.170 GC heap before
{Heap before GC invocations=21 (full 0):
 garbage-first heap   total reserved 3590144K, committed 61440K, used 50831K [0x0000000724e00000, 0x0000000800000000)
  region size 2048K, 10 young (20480K), 2 survivors (4096K)
 Metaspace       used 63468K, committed 64256K, reserved 1114112K
  class space    used 9270K, committed 9600K, reserved 1048576K
}
Event: 8.173 GC heap after
{Heap after GC invocations=22 (full 0):
 garbage-first heap   total reserved 3590144K, committed 61440K, used 38092K [0x0000000724e00000, 0x0000000800000000)
  region size 2048K, 2 young (4096K), 2 survivors (4096K)
 Metaspace       used 63468K, committed 64256K, reserved 1114112K
  class space    used 9270K, committed 9600K, reserved 1048576K
}
Event: 8.334 GC heap before
{Heap before GC invocations=23 (full 0):
 garbage-first heap   total reserved 3590144K, committed 65536K, used 50380K [0x0000000724e00000, 0x0000000800000000)
  region size 2048K, 8 young (16384K), 2 survivors (4096K)
 Metaspace       used 64238K, committed 65024K, reserved 1114112K
  class space    used 9450K, committed 9792K, reserved 1048576K
}
Event: 8.336 GC heap after
{Heap after GC invocations=24 (full 0):
 garbage-first heap   total reserved 3590144K, committed 65536K, used 39534K [0x0000000724e00000, 0x0000000800000000)
  region size 2048K, 1 young (2048K), 1 survivors (2048K)
 Metaspace       used 64238K, committed 65024K, reserved 1114112K
  class space    used 9450K, committed 9792K, reserved 1048576K
}
Event: 8.570 GC heap before
{Heap before GC invocations=24 (full 0):
 garbage-first heap   total reserved 3590144K, committed 65536K, used 53870K [0x0000000724e00000, 0x0000000800000000)
  region size 2048K, 9 young (18432K), 1 survivors (2048K)
 Metaspace       used 67489K, committed 68224K, reserved 1114112K
  class space    used 10106K, committed 10432K, reserved 1048576K
}
Event: 8.574 GC heap after
{Heap after GC invocations=25 (full 0):
 garbage-first heap   total reserved 3590144K, committed 65536K, used 40868K [0x0000000724e00000, 0x0000000800000000)
  region size 2048K, 2 young (4096K), 2 survivors (4096K)
 Metaspace       used 67489K, committed 68224K, reserved 1114112K
  class space    used 10106K, committed 10432K, reserved 1048576K
}
Event: 8.687 GC heap before
{Heap before GC invocations=25 (full 0):
 garbage-first heap   total reserved 3590144K, committed 65536K, used 53156K [0x0000000724e00000, 0x0000000800000000)
  region size 2048K, 8 young (16384K), 2 survivors (4096K)
 Metaspace       used 69023K, committed 69760K, reserved 1114112K
  class space    used 10370K, committed 10688K, reserved 1048576K
}
Event: 8.690 GC heap after
{Heap after GC invocations=26 (full 0):
 garbage-first heap   total reserved 3590144K, committed 65536K, used 41868K [0x0000000724e00000, 0x0000000800000000)
  region size 2048K, 1 young (2048K), 1 survivors (2048K)
 Metaspace       used 69023K, committed 69760K, reserved 1114112K
  class space    used 10370K, committed 10688K, reserved 1048576K
}
Event: 8.854 GC heap before
{Heap before GC invocations=27 (full 0):
 garbage-first heap   total reserved 3590144K, committed 71680K, used 56204K [0x0000000724e00000, 0x0000000800000000)
  region size 2048K, 8 young (16384K), 1 survivors (2048K)
 Metaspace       used 70046K, committed 70720K, reserved 1114112K
  class space    used 10506K, committed 10816K, reserved 1048576K
}
Event: 8.856 GC heap after
{Heap after GC invocations=28 (full 0):
 garbage-first heap   total reserved 3590144K, committed 71680K, used 43357K [0x0000000724e00000, 0x0000000800000000)
  region size 2048K, 1 young (2048K), 1 survivors (2048K)
 Metaspace       used 70046K, committed 70720K, reserved 1114112K
  class space    used 10506K, committed 10816K, reserved 1048576K
}
Event: 8.904 GC heap before
{Heap before GC invocations=28 (full 0):
 garbage-first heap   total reserved 3590144K, committed 71680K, used 61789K [0x0000000724e00000, 0x0000000800000000)
  region size 2048K, 10 young (20480K), 1 survivors (2048K)
 Metaspace       used 70097K, committed 70784K, reserved 1114112K
  class space    used 10516K, committed 10816K, reserved 1048576K
}
Event: 8.906 GC heap after
{Heap after GC invocations=29 (full 0):
 garbage-first heap   total reserved 3590144K, committed 71680K, used 44302K [0x0000000724e00000, 0x0000000800000000)
  region size 2048K, 2 young (4096K), 2 survivors (4096K)
 Metaspace       used 70097K, committed 70784K, reserved 1114112K
  class space    used 10516K, committed 10816K, reserved 1048576K
}
Event: 8.952 GC heap before
{Heap before GC invocations=30 (full 0):
 garbage-first heap   total reserved 3590144K, committed 79872K, used 58638K [0x0000000724e00000, 0x0000000800000000)
  region size 2048K, 9 young (18432K), 2 survivors (4096K)
 Metaspace       used 70170K, committed 70848K, reserved 1114112K
  class space    used 10527K, committed 10816K, reserved 1048576K
}
Event: 8.954 GC heap after
{Heap after GC invocations=31 (full 0):
 garbage-first heap   total reserved 3590144K, committed 79872K, used 44416K [0x0000000724e00000, 0x0000000800000000)
  region size 2048K, 1 young (2048K), 1 survivors (2048K)
 Metaspace       used 70170K, committed 70848K, reserved 1114112K
  class space    used 10527K, committed 10816K, reserved 1048576K
}
Event: 9.257 GC heap before
{Heap before GC invocations=31 (full 0):
 garbage-first heap   total reserved 3590144K, committed 79872K, used 68992K [0x0000000724e00000, 0x0000000800000000)
  region size 2048K, 13 young (26624K), 1 survivors (2048K)
 Metaspace       used 72554K, committed 73280K, reserved 1114112K
  class space    used 10824K, committed 11136K, reserved 1048576K
}

