# JRE version: Java(TM) SE Runtime Environment (23.0.2+7) (build 23.0.2+7-58)
# Java VM: Java HotSpot(TM) 64-Bit Server VM (23.0.2+7-58, mixed mode, emulated-client, sharing, tiered, compressed oops, compressed class ptrs, g1 gc, windows-amd64)
GC Precious Log:
 CardTable entry size: 512
 Card Set container configuration: InlinePtr #cards 4 size 8 Array Of Cards #cards 16 size 48 Howl #buckets 8 coarsen threshold 3686 Howl Bitmap #cards 512 size 80 coarsen threshold 460 Card regions per heap region 1 cards per card region 4096
 CPUs: 12 total, 12 available
 Memory: 14020M
 Large Page Support: Disabled
 NUMA Support: Disabled
 Compressed Oops: Enabled (Zero based)
 Heap Region Size: 2M
 Heap Min Capacity: 8M
 Heap Initial Capacity: 220M
 Heap Max Capacity: 3506M
 Pre-touch: Disabled
 Parallel Workers: 10
 Concurrent Workers: 3
 Concurrent Refinement Workers: 10
 Periodic GC: Disabled
Heap:
 garbage-first heap   total reserved 3590144K, committed 135168K, used 106912K [0x0000000724e00000, 0x0000000800000000)
  region size 2048K, 21 young (43008K), 1 survivors (2048K)
 Metaspace       used 108633K, committed 110272K, reserved 1179648K
  class space    used 15202K, committed 15872K, reserved 1048576K
GC Heap History (20 events):
Event: 1037.996 GC heap before
{Heap before GC invocations=50 (full 0):
 garbage-first heap   total reserved 3590144K, committed 135168K, used 120388K [0x0000000724e00000, 0x0000000800000000)
  region size 2048K, 27 young (55296K), 2 survivors (4096K)
 Metaspace       used 108639K, committed 110272K, reserved 1179648K
  class space    used 15203K, committed 15872K, reserved 1048576K
}
Event: 1038.000 GC heap after
{Heap after GC invocations=51 (full 0):
 garbage-first heap   total reserved 3590144K, committed 135168K, used 69243K [0x0000000724e00000, 0x0000000800000000)
  region size 2048K, 2 young (4096K), 2 survivors (4096K)
 Metaspace       used 108639K, committed 110272K, reserved 1179648K
  class space    used 15203K, committed 15872K, reserved 1048576K
}
Event: 1173.764 GC heap before
{Heap before GC invocations=51 (full 0):
 garbage-first heap   total reserved 3590144K, committed 135168K, used 120443K [0x0000000724e00000, 0x0000000800000000)
  region size 2048K, 27 young (55296K), 2 survivors (4096K)
 Metaspace       used 108639K, committed 110272K, reserved 1179648K
  class space    used 15203K, committed 15872K, reserved 1048576K
}
Event: 1173.771 GC heap after
{Heap after GC invocations=52 (full 0):
 garbage-first heap   total reserved 3590144K, committed 135168K, used 68659K [0x0000000724e00000, 0x0000000800000000)
  region size 2048K, 2 young (4096K), 2 survivors (4096K)
 Metaspace       used 108639K, committed 110272K, reserved 1179648K
  class space    used 15203K, committed 15872K, reserved 1048576K
}
Event: 1314.745 GC heap before
{Heap before GC invocations=52 (full 0):
 garbage-first heap   total reserved 3590144K, committed 135168K, used 121907K [0x0000000724e00000, 0x0000000800000000)
  region size 2048K, 28 young (57344K), 2 survivors (4096K)
 Metaspace       used 108639K, committed 110272K, reserved 1179648K
  class space    used 15203K, committed 15872K, reserved 1048576K
}
Event: 1314.749 GC heap after
{Heap after GC invocations=53 (full 0):
 garbage-first heap   total reserved 3590144K, committed 135168K, used 68367K [0x0000000724e00000, 0x0000000800000000)
  region size 2048K, 2 young (4096K), 2 survivors (4096K)
 Metaspace       used 108639K, committed 110272K, reserved 1179648K
  class space    used 15203K, committed 15872K, reserved 1048576K
}
Event: 1455.417 GC heap before
{Heap before GC invocations=54 (full 0):
 garbage-first heap   total reserved 3590144K, committed 135168K, used 121615K [0x0000000724e00000, 0x0000000800000000)
  region size 2048K, 28 young (57344K), 2 survivors (4096K)
 Metaspace       used 108639K, committed 110272K, reserved 1179648K
  class space    used 15203K, committed 15872K, reserved 1048576K
}
Event: 1455.420 GC heap after
{Heap after GC invocations=55 (full 0):
 garbage-first heap   total reserved 3590144K, committed 135168K, used 68527K [0x0000000724e00000, 0x0000000800000000)
  region size 2048K, 2 young (4096K), 2 survivors (4096K)
 Metaspace       used 108639K, committed 110272K, reserved 1179648K
  class space    used 15203K, committed 15872K, reserved 1048576K
}
Event: 1594.320 GC heap before
{Heap before GC invocations=55 (full 0):
 garbage-first heap   total reserved 3590144K, committed 135168K, used 121775K [0x0000000724e00000, 0x0000000800000000)
  region size 2048K, 28 young (57344K), 2 survivors (4096K)
 Metaspace       used 108639K, committed 110272K, reserved 1179648K
  class space    used 15203K, committed 15872K, reserved 1048576K
}
Event: 1594.331 GC heap after
{Heap after GC invocations=56 (full 0):
 garbage-first heap   total reserved 3590144K, committed 135168K, used 67601K [0x0000000724e00000, 0x0000000800000000)
  region size 2048K, 2 young (4096K), 2 survivors (4096K)
 Metaspace       used 108639K, committed 110272K, reserved 1179648K
  class space    used 15203K, committed 15872K, reserved 1048576K
}
Event: 1734.227 GC heap before
{Heap before GC invocations=56 (full 0):
 garbage-first heap   total reserved 3590144K, committed 135168K, used 120849K [0x0000000724e00000, 0x0000000800000000)
  region size 2048K, 28 young (57344K), 2 survivors (4096K)
 Metaspace       used 108639K, committed 110272K, reserved 1179648K
  class space    used 15203K, committed 15872K, reserved 1048576K
}
Event: 1734.231 GC heap after
{Heap after GC invocations=57 (full 0):
 garbage-first heap   total reserved 3590144K, committed 135168K, used 67595K [0x0000000724e00000, 0x0000000800000000)
  region size 2048K, 2 young (4096K), 2 survivors (4096K)
 Metaspace       used 108639K, committed 110272K, reserved 1179648K
  class space    used 15203K, committed 15872K, reserved 1048576K
}
Event: 1794.687 GC heap before
{Heap before GC invocations=58 (full 0):
 garbage-first heap   total reserved 3590144K, committed 135168K, used 118795K [0x0000000724e00000, 0x0000000800000000)
  region size 2048K, 28 young (57344K), 2 survivors (4096K)
 Metaspace       used 108653K, committed 110272K, reserved 1179648K
  class space    used 15208K, committed 15872K, reserved 1048576K
}
Event: 1794.696 GC heap after
{Heap after GC invocations=59 (full 0):
 garbage-first heap   total reserved 3590144K, committed 135168K, used 68779K [0x0000000724e00000, 0x0000000800000000)
  region size 2048K, 2 young (4096K), 2 survivors (4096K)
 Metaspace       used 108653K, committed 110272K, reserved 1179648K
  class space    used 15208K, committed 15872K, reserved 1048576K
}
Event: 1846.464 GC heap before
{Heap before GC invocations=59 (full 0):
 garbage-first heap   total reserved 3590144K, committed 135168K, used 117931K [0x0000000724e00000, 0x0000000800000000)
  region size 2048K, 27 young (55296K), 2 survivors (4096K)
 Metaspace       used 108664K, committed 110272K, reserved 1179648K
  class space    used 15211K, committed 15872K, reserved 1048576K
}
Event: 1846.473 GC heap after
{Heap after GC invocations=60 (full 0):
 garbage-first heap   total reserved 3590144K, committed 135168K, used 67749K [0x0000000724e00000, 0x0000000800000000)
  region size 2048K, 1 young (2048K), 1 survivors (2048K)
 Metaspace       used 108664K, committed 110272K, reserved 1179648K
  class space    used 15211K, committed 15872K, reserved 1048576K
}
Event: 1991.213 GC heap before
{Heap before GC invocations=60 (full 0):
 garbage-first heap   total reserved 3590144K, committed 135168K, used 123045K [0x0000000724e00000, 0x0000000800000000)
  region size 2048K, 28 young (57344K), 1 survivors (2048K)
 Metaspace       used 108665K, committed 110272K, reserved 1179648K
  class space    used 15211K, committed 15872K, reserved 1048576K
}
Event: 1991.216 GC heap after
{Heap after GC invocations=61 (full 0):
 garbage-first heap   total reserved 3590144K, committed 135168K, used 67991K [0x0000000724e00000, 0x0000000800000000)
  region size 2048K, 1 young (2048K), 1 survivors (2048K)
 Metaspace       used 108665K, committed 110272K, reserved 1179648K
  class space    used 15211K, committed 15872K, reserved 1048576K
}
Event: 2137.762 GC heap before
{Heap before GC invocations=62 (full 0):
 garbage-first heap   total reserved 3590144K, committed 135168K, used 123287K [0x0000000724e00000, 0x0000000800000000)
  region size 2048K, 28 young (57344K), 1 survivors (2048K)
 Metaspace       used 108633K, committed 110272K, reserved 1179648K
  class space    used 15202K, committed 15872K, reserved 1048576K
}
Event: 2137.764 GC heap after
{Heap after GC invocations=63 (full 0):
 garbage-first heap   total reserved 3590144K, committed 135168K, used 68000K [0x0000000724e00000, 0x0000000800000000)
  region size 2048K, 1 young (2048K), 1 survivors (2048K)
 Metaspace       used 108633K, committed 110272K, reserved 1179648K
  class space    used 15202K, committed 15872K, reserved 1048576K
}

